

Started GET "/" for 127.0.0.1 at 2013-11-19 00:48:37 -0500
Processing by FinalController#index as HTML
  Rendered final/index.html.erb within layouts/application (11.6ms)
Completed 200 OK in 1515ms (Views: 1475.8ms | ActiveRecord: 0.0ms)


Started GET "/assets/final.css?body=1" for 127.0.0.1 at 2013-11-19 00:48:39 -0500


Started GET "/assets/index.css?body=1" for 127.0.0.1 at 2013-11-19 00:48:39 -0500


Started GET "/assets/application.css?body=1" for 127.0.0.1 at 2013-11-19 00:48:39 -0500


Started GET "/assets/turbolinks.js?body=1" for 127.0.0.1 at 2013-11-19 00:48:39 -0500


Started GET "/assets/final.js?body=1" for 127.0.0.1 at 2013-11-19 00:48:39 -0500


Started GET "/assets/index.js?body=1" for 127.0.0.1 at 2013-11-19 00:48:39 -0500


Started GET "/assets/jquery_ujs.js?body=1" for 127.0.0.1 at 2013-11-19 00:48:39 -0500


Started GET "/assets/application.js?body=1" for 127.0.0.1 at 2013-11-19 00:48:39 -0500


Started GET "/assets/jquery.js?body=1" for 127.0.0.1 at 2013-11-19 00:48:39 -0500


Started GET "/" for 127.0.0.1 at 2013-11-19 00:50:41 -0500
Processing by FinalController#index as HTML
  Rendered final/index.html.erb within layouts/application (0.6ms)
Completed 200 OK in 16ms (Views: 15.3ms | ActiveRecord: 0.0ms)


Started GET "/assets/index.css?body=1" for 127.0.0.1 at 2013-11-19 00:50:41 -0500


Started GET "/assets/final.css?body=1" for 127.0.0.1 at 2013-11-19 00:50:41 -0500


Started GET "/assets/jquery_ujs.js?body=1" for 127.0.0.1 at 2013-11-19 00:50:41 -0500


Started GET "/assets/jquery.js?body=1" for 127.0.0.1 at 2013-11-19 00:50:41 -0500


Started GET "/assets/turbolinks.js?body=1" for 127.0.0.1 at 2013-11-19 00:50:41 -0500


Started GET "/assets/application.css?body=1" for 127.0.0.1 at 2013-11-19 00:50:41 -0500


Started GET "/assets/final.js?body=1" for 127.0.0.1 at 2013-11-19 00:50:41 -0500


Started GET "/assets/index.js?body=1" for 127.0.0.1 at 2013-11-19 00:50:41 -0500


Started GET "/assets/application.js?body=1" for 127.0.0.1 at 2013-11-19 00:50:41 -0500


Started GET "/" for 127.0.0.1 at 2013-11-19 00:51:43 -0500
Processing by FinalController#index as HTML
  Rendered final/index.html.erb within layouts/application (0.5ms)
Completed 200 OK in 8ms (Views: 7.5ms | ActiveRecord: 0.0ms)


Started GET "/assets/final.css?body=1" for 127.0.0.1 at 2013-11-19 00:51:43 -0500


Started GET "/assets/final.js?body=1" for 127.0.0.1 at 2013-11-19 00:51:43 -0500


Started GET "/assets/index.css?body=1" for 127.0.0.1 at 2013-11-19 00:51:43 -0500


Started GET "/assets/jquery_ujs.js?body=1" for 127.0.0.1 at 2013-11-19 00:51:43 -0500


Started GET "/assets/turbolinks.js?body=1" for 127.0.0.1 at 2013-11-19 00:51:43 -0500


Started GET "/assets/jquery.js?body=1" for 127.0.0.1 at 2013-11-19 00:51:43 -0500


Started GET "/assets/index.js?body=1" for 127.0.0.1 at 2013-11-19 00:51:43 -0500


Started GET "/assets/application.js?body=1" for 127.0.0.1 at 2013-11-19 00:51:43 -0500


Started GET "/assets/application.css?body=1" for 127.0.0.1 at 2013-11-19 00:51:43 -0500


Started GET "/" for 127.0.0.1 at 2013-11-19 00:52:06 -0500
Processing by FinalController#index as HTML
  Rendered final/index.html.erb within layouts/application (0.5ms)
Completed 200 OK in 18ms (Views: 16.9ms | ActiveRecord: 0.0ms)


Started GET "/assets/final.css?body=1" for 127.0.0.1 at 2013-11-19 00:52:06 -0500


Started GET "/assets/final.js?body=1" for 127.0.0.1 at 2013-11-19 00:52:06 -0500


Started GET "/assets/index.css?body=1" for 127.0.0.1 at 2013-11-19 00:52:06 -0500


Started GET "/assets/application.css?body=1" for 127.0.0.1 at 2013-11-19 00:52:06 -0500


Started GET "/assets/application.js?body=1" for 127.0.0.1 at 2013-11-19 00:52:06 -0500


Started GET "/assets/jquery_ujs.js?body=1" for 127.0.0.1 at 2013-11-19 00:52:06 -0500


Started GET "/assets/jquery.js?body=1" for 127.0.0.1 at 2013-11-19 00:52:06 -0500


Started GET "/assets/turbolinks.js?body=1" for 127.0.0.1 at 2013-11-19 00:52:06 -0500


Started GET "/assets/index.js?body=1" for 127.0.0.1 at 2013-11-19 00:52:06 -0500


Started GET "/" for 127.0.0.1 at 2013-11-19 00:53:10 -0500
Processing by FinalController#index as HTML
  Rendered final/index.html.erb within layouts/application (3.9ms)
Completed 200 OK in 12ms (Views: 10.9ms | ActiveRecord: 0.0ms)


Started GET "/assets/final.css?body=1" for 127.0.0.1 at 2013-11-19 00:53:10 -0500


Started GET "/assets/index.css?body=1" for 127.0.0.1 at 2013-11-19 00:53:10 -0500


Started GET "/assets/final.js?body=1" for 127.0.0.1 at 2013-11-19 00:53:10 -0500


Started GET "/assets/jquery_ujs.js?body=1" for 127.0.0.1 at 2013-11-19 00:53:10 -0500


Started GET "/assets/application.css?body=1" for 127.0.0.1 at 2013-11-19 00:53:10 -0500


Started GET "/assets/jquery.js?body=1" for 127.0.0.1 at 2013-11-19 00:53:10 -0500


Started GET "/assets/application.js?body=1" for 127.0.0.1 at 2013-11-19 00:53:10 -0500


Started GET "/assets/turbolinks.js?body=1" for 127.0.0.1 at 2013-11-19 00:53:10 -0500


Started GET "/assets/index.js?body=1" for 127.0.0.1 at 2013-11-19 00:53:10 -0500


Started GET "/" for 127.0.0.1 at 2013-12-19 16:48:39 -0500
Processing by FinalController#index as HTML
  Rendered final/index.html.erb within layouts/application (21.4ms)
Completed 200 OK in 276ms (Views: 235.4ms | ActiveRecord: 0.0ms)


Started GET "/assets/index.css?body=1" for 127.0.0.1 at 2013-12-19 16:48:40 -0500


Started GET "/assets/final.js?body=1" for 127.0.0.1 at 2013-12-19 16:48:40 -0500


Started GET "/assets/application.css?body=1" for 127.0.0.1 at 2013-12-19 16:48:40 -0500


Started GET "/assets/final.css?body=1" for 127.0.0.1 at 2013-12-19 16:48:40 -0500


Started GET "/assets/index.js?body=1" for 127.0.0.1 at 2013-12-19 16:48:40 -0500


Started GET "/assets/jquery.js?body=1" for 127.0.0.1 at 2013-12-19 16:48:40 -0500


Started GET "/assets/jquery_ujs.js?body=1" for 127.0.0.1 at 2013-12-19 16:48:40 -0500


Started GET "/assets/turbolinks.js?body=1" for 127.0.0.1 at 2013-12-19 16:48:40 -0500


Started GET "/assets/application.js?body=1" for 127.0.0.1 at 2013-12-19 16:48:40 -0500
  [1m[36m (12.0ms)[0m  [1mCREATE TABLE "schema_migrations" ("version" varchar(255) NOT NULL) [0m
  [1m[35m (1.4ms)[0m  CREATE UNIQUE INDEX "unique_schema_migrations" ON "schema_migrations" ("version")
  [1m[36mActiveRecord::SchemaMigration Load (0.2ms)[0m  [1mSELECT "schema_migrations".* FROM "schema_migrations"[0m
Migrating to DeviseCreateUsers (20131219221701)
  [1m[35m (0.1ms)[0m  begin transaction
  [1m[36m (0.7ms)[0m  [1mCREATE TABLE "users" ("id" INTEGER PRIMARY KEY AUTOINCREMENT NOT NULL, "email" varchar(255) DEFAULT '' NOT NULL, "encrypted_password" varchar(255) DEFAULT '' NOT NULL, "reset_password_token" varchar(255), "reset_password_sent_at" datetime, "remember_created_at" datetime, "sign_in_count" integer DEFAULT 0 NOT NULL, "current_sign_in_at" datetime, "last_sign_in_at" datetime, "current_sign_in_ip" varchar(255), "last_sign_in_ip" varchar(255), "created_at" datetime, "updated_at" datetime) [0m
  [1m[35m (1.8ms)[0m  CREATE UNIQUE INDEX "index_users_on_email" ON "users" ("email")
  [1m[36m (0.2ms)[0m  [1mCREATE UNIQUE INDEX "index_users_on_reset_password_token" ON "users" ("reset_password_token")[0m
  [1m[35mSQL (0.3ms)[0m  INSERT INTO "schema_migrations" ("version") VALUES (?)  [["version", "20131219221701"]]
  [1m[36m (39.1ms)[0m  [1mcommit transaction[0m
  [1m[35mActiveRecord::SchemaMigration Load (0.1ms)[0m  SELECT "schema_migrations".* FROM "schema_migrations"


Started GET "/" for 127.0.0.1 at 2013-12-19 17:25:44 -0500

NoMethodError (undefined method `devise_for' for #<ActionDispatch::Routing::Mapper:0x00000103212358>):
  config/routes.rb:2:in `block in <top (required)>'
  config/routes.rb:1:in `<top (required)>'


  Rendered /Users/Kathryn/.rvm/gems/ruby-2.0.0-p247/gems/actionpack-4.0.1/lib/action_dispatch/middleware/templates/rescues/_source.erb (1.0ms)
  Rendered /Users/Kathryn/.rvm/gems/ruby-2.0.0-p247/gems/actionpack-4.0.1/lib/action_dispatch/middleware/templates/rescues/_trace.erb (1.7ms)
  Rendered /Users/Kathryn/.rvm/gems/ruby-2.0.0-p247/gems/actionpack-4.0.1/lib/action_dispatch/middleware/templates/rescues/_request_and_response.erb (1.3ms)
  Rendered /Users/Kathryn/.rvm/gems/ruby-2.0.0-p247/gems/actionpack-4.0.1/lib/action_dispatch/middleware/templates/rescues/diagnostics.erb within rescues/layout (45.1ms)


Started GET "/" for 127.0.0.1 at 2013-12-19 17:26:13 -0500
  [1m[36mActiveRecord::SchemaMigration Load (0.2ms)[0m  [1mSELECT "schema_migrations".* FROM "schema_migrations"[0m
Processing by FinalController#index as HTML
  Rendered final/index.html.erb within layouts/application (25.0ms)
Completed 200 OK in 289ms (Views: 243.7ms | ActiveRecord: 0.0ms)


Started GET "/assets/final.css?body=1" for 127.0.0.1 at 2013-12-19 17:26:14 -0500


Started GET "/assets/jquery_ujs.js?body=1" for 127.0.0.1 at 2013-12-19 17:26:14 -0500


Started GET "/assets/index.css?body=1" for 127.0.0.1 at 2013-12-19 17:26:14 -0500


Started GET "/assets/jquery.js?body=1" for 127.0.0.1 at 2013-12-19 17:26:14 -0500


Started GET "/assets/index.js?body=1" for 127.0.0.1 at 2013-12-19 17:26:14 -0500


Started GET "/assets/final.js?body=1" for 127.0.0.1 at 2013-12-19 17:26:14 -0500


Started GET "/assets/turbolinks.js?body=1" for 127.0.0.1 at 2013-12-19 17:26:14 -0500


Started GET "/assets/application.js?body=1" for 127.0.0.1 at 2013-12-19 17:26:14 -0500


Started GET "/assets/application.css?body=1" for 127.0.0.1 at 2013-12-19 17:26:14 -0500


Started GET "/users/sign_in" for 127.0.0.1 at 2013-12-19 17:28:22 -0500
Processing by Devise::SessionsController#new as HTML
  Rendered /Users/Kathryn/.rvm/gems/ruby-2.0.0-p247/gems/devise-3.2.2/app/views/devise/shared/_links.erb (2.2ms)
  Rendered /Users/Kathryn/.rvm/gems/ruby-2.0.0-p247/gems/devise-3.2.2/app/views/devise/sessions/new.html.erb within layouts/application (382.5ms)
Completed 200 OK in 449ms (Views: 402.8ms | ActiveRecord: 0.5ms)


Started GET "/assets/application.css?body=1" for 127.0.0.1 at 2013-12-19 17:28:22 -0500


Started GET "/assets/jquery.js?body=1" for 127.0.0.1 at 2013-12-19 17:28:22 -0500


Started GET "/assets/index.css?body=1" for 127.0.0.1 at 2013-12-19 17:28:22 -0500


Started GET "/assets/final.css?body=1" for 127.0.0.1 at 2013-12-19 17:28:22 -0500


Started GET "/assets/jquery_ujs.js?body=1" for 127.0.0.1 at 2013-12-19 17:28:22 -0500


Started GET "/assets/turbolinks.js?body=1" for 127.0.0.1 at 2013-12-19 17:28:22 -0500


Started GET "/assets/final.js?body=1" for 127.0.0.1 at 2013-12-19 17:28:22 -0500


Started GET "/assets/index.js?body=1" for 127.0.0.1 at 2013-12-19 17:28:23 -0500


Started GET "/assets/application.js?body=1" for 127.0.0.1 at 2013-12-19 17:28:23 -0500


Started GET "/users/sign_up" for 127.0.0.1 at 2013-12-19 17:31:18 -0500
Processing by Devise::RegistrationsController#new as HTML
  Rendered /Users/Kathryn/.rvm/gems/ruby-2.0.0-p247/gems/devise-3.2.2/app/views/devise/shared/_links.erb (0.7ms)
  Rendered /Users/Kathryn/.rvm/gems/ruby-2.0.0-p247/gems/devise-3.2.2/app/views/devise/registrations/new.html.erb within layouts/application (7.0ms)
Completed 200 OK in 20ms (Views: 17.7ms | ActiveRecord: 0.0ms)


Started POST "/users" for 127.0.0.1 at 2013-12-19 17:31:38 -0500
Processing by Devise::RegistrationsController#create as HTML
  Parameters: {"utf8"=>"✓", "authenticity_token"=>"6Rm/A7Rq3MAqHFWDXksL6VSc29p4WEw907s/YMctS2Y=", "user"=>{"email"=>"kathryn.dasalla@gmail.com", "password"=>"[FILTERED]", "password_confirmation"=>"[FILTERED]"}, "commit"=>"Sign up"}
  [1m[35m (0.1ms)[0m  begin transaction
  [1m[36mUser Exists (0.3ms)[0m  [1mSELECT 1 AS one FROM "users" WHERE "users"."email" = 'kathryn.dasalla@gmail.com' LIMIT 1[0m
Binary data inserted for `string` type on column `encrypted_password`
  [1m[35mSQL (42.0ms)[0m  INSERT INTO "users" ("created_at", "email", "encrypted_password", "updated_at") VALUES (?, ?, ?, ?)  [["created_at", Thu, 19 Dec 2013 22:31:38 UTC +00:00], ["email", "kathryn.dasalla@gmail.com"], ["encrypted_password", "$2a$10$Og2WY/uOBLqX6wNgmKvbTu21DpCLDjfxDoDCBnvKjl1F/bQvurJKS"], ["updated_at", Thu, 19 Dec 2013 22:31:38 UTC +00:00]]
  [1m[36m (5.6ms)[0m  [1mcommit transaction[0m
  [1m[35m (0.1ms)[0m  begin transaction
Binary data inserted for `string` type on column `last_sign_in_ip`
Binary data inserted for `string` type on column `current_sign_in_ip`
  [1m[36mSQL (0.8ms)[0m  [1mUPDATE "users" SET "last_sign_in_at" = ?, "current_sign_in_at" = ?, "last_sign_in_ip" = ?, "current_sign_in_ip" = ?, "sign_in_count" = ?, "updated_at" = ? WHERE "users"."id" = 1[0m  [["last_sign_in_at", Thu, 19 Dec 2013 22:31:38 UTC +00:00], ["current_sign_in_at", Thu, 19 Dec 2013 22:31:38 UTC +00:00], ["last_sign_in_ip", "127.0.0.1"], ["current_sign_in_ip", "127.0.0.1"], ["sign_in_count", 1], ["updated_at", Thu, 19 Dec 2013 22:31:38 UTC +00:00]]
  [1m[35m (1.8ms)[0m  commit transaction
Redirected to http://localhost:3000/
Completed 302 Found in 227ms (ActiveRecord: 50.7ms)


Started GET "/" for 127.0.0.1 at 2013-12-19 17:31:38 -0500
Processing by FinalController#index as HTML
  Rendered final/index.html.erb within layouts/application (0.1ms)
Completed 200 OK in 9ms (Views: 7.5ms | ActiveRecord: 0.0ms)


Started GET "/assets/application.css?body=1" for 127.0.0.1 at 2013-12-19 17:31:38 -0500


Started GET "/assets/index.css?body=1" for 127.0.0.1 at 2013-12-19 17:31:39 -0500


Started GET "/assets/final.css?body=1" for 127.0.0.1 at 2013-12-19 17:31:39 -0500


Started GET "/assets/jquery.js?body=1" for 127.0.0.1 at 2013-12-19 17:31:39 -0500


Started GET "/assets/jquery_ujs.js?body=1" for 127.0.0.1 at 2013-12-19 17:31:39 -0500


Started GET "/assets/turbolinks.js?body=1" for 127.0.0.1 at 2013-12-19 17:31:39 -0500


Started GET "/assets/final.js?body=1" for 127.0.0.1 at 2013-12-19 17:31:39 -0500


Started GET "/assets/application.js?body=1" for 127.0.0.1 at 2013-12-19 17:31:39 -0500


Started GET "/assets/index.js?body=1" for 127.0.0.1 at 2013-12-19 17:31:39 -0500


Started GET "/" for 127.0.0.1 at 2013-12-19 17:42:12 -0500
Processing by FinalController#index as HTML
  Rendered final/index.html.erb within layouts/application (0.1ms)
ERROR: compiling _app_views_layouts_application_html_erb__4167289803703115697_2198047000 RAISED /Users/Kathryn/code/final_app/app/views/layouts/application.html.erb:26: syntax error, unexpected keyword_ensure, expecting keyword_end
/Users/Kathryn/code/final_app/app/views/layouts/application.html.erb:28: syntax error, unexpected end-of-input, expecting keyword_end
Function body:           def _app_views_layouts_application_html_erb__4167289803703115697_2198047000(local_assigns, output_buffer)
            _old_virtual_path, @virtual_path = @virtual_path, "layouts/application";_old_output_buffer = @output_buffer;;@output_buffer = output_buffer || ActionView::OutputBuffer.new;@output_buffer.safe_append='<!DOCTYPE html>
<html>
<head>
  <title>FinalApp</title>
  ';@output_buffer.append=( stylesheet_link_tag    "application", media: "all", "data-turbolinks-track" => true );@output_buffer.safe_append='
  ';@output_buffer.append=( javascript_include_tag "application", "data-turbolinks-track" => true );@output_buffer.safe_append='
  ';@output_buffer.append=( csrf_meta_tags );@output_buffer.safe_append='
</head>
<body>

'; if user_signed_in? 
@output_buffer.safe_append='Welcome, ';@output_buffer.append=( current_user.email );@output_buffer.safe_append='! ';@output_buffer.append=( link_to "Log out", destroy_user_session_path, method: :delete );@output_buffer.safe_append='
'; if notice 
@output_buffer.safe_append='<p class="notice">';@output_buffer.append=( notice );@output_buffer.safe_append='</p>
'; end 
@output_buffer.safe_append='
'; if alert 
@output_buffer.safe_append='<p class="alert">';@output_buffer.append=( alert );@output_buffer.safe_append='</p>
'; end 
@output_buffer.safe_append='
';@output_buffer.append=( yield );@output_buffer.safe_append='

</body>
</html>
';@output_buffer.to_s
          ensure
            @virtual_path, @output_buffer = _old_virtual_path, _old_output_buffer
          end

Backtrace: /Users/Kathryn/.rvm/gems/ruby-2.0.0-p247/gems/actionpack-4.0.1/lib/action_view/template.rb:299:in `module_eval'
/Users/Kathryn/.rvm/gems/ruby-2.0.0-p247/gems/actionpack-4.0.1/lib/action_view/template.rb:299:in `compile'
/Users/Kathryn/.rvm/gems/ruby-2.0.0-p247/gems/actionpack-4.0.1/lib/action_view/template.rb:248:in `block in compile!'
/Users/Kathryn/.rvm/gems/ruby-2.0.0-p247/gems/actionpack-4.0.1/lib/action_view/template.rb:236:in `synchronize'
/Users/Kathryn/.rvm/gems/ruby-2.0.0-p247/gems/actionpack-4.0.1/lib/action_view/template.rb:236:in `compile!'
/Users/Kathryn/.rvm/gems/ruby-2.0.0-p247/gems/actionpack-4.0.1/lib/action_view/template.rb:142:in `block in render'
/Users/Kathryn/.rvm/gems/ruby-2.0.0-p247/gems/activesupport-4.0.1/lib/active_support/notifications.rb:161:in `instrument'
/Users/Kathryn/.rvm/gems/ruby-2.0.0-p247/gems/actionpack-4.0.1/lib/action_view/template.rb:141:in `render'
/Users/Kathryn/.rvm/gems/ruby-2.0.0-p247/gems/actionpack-4.0.1/lib/action_view/renderer/template_renderer.rb:61:in `render_with_layout'
/Users/Kathryn/.rvm/gems/ruby-2.0.0-p247/gems/actionpack-4.0.1/lib/action_view/renderer/template_renderer.rb:47:in `render_template'
/Users/Kathryn/.rvm/gems/ruby-2.0.0-p247/gems/actionpack-4.0.1/lib/action_view/renderer/template_renderer.rb:17:in `render'
/Users/Kathryn/.rvm/gems/ruby-2.0.0-p247/gems/actionpack-4.0.1/lib/action_view/renderer/renderer.rb:42:in `render_template'
/Users/Kathryn/.rvm/gems/ruby-2.0.0-p247/gems/actionpack-4.0.1/lib/action_view/renderer/renderer.rb:23:in `render'
/Users/Kathryn/.rvm/gems/ruby-2.0.0-p247/gems/actionpack-4.0.1/lib/abstract_controller/rendering.rb:127:in `_render_template'
/Users/Kathryn/.rvm/gems/ruby-2.0.0-p247/gems/actionpack-4.0.1/lib/action_controller/metal/streaming.rb:219:in `_render_template'
/Users/Kathryn/.rvm/gems/ruby-2.0.0-p247/gems/actionpack-4.0.1/lib/abstract_controller/rendering.rb:120:in `render_to_body'
/Users/Kathryn/.rvm/gems/ruby-2.0.0-p247/gems/actionpack-4.0.1/lib/action_controller/metal/rendering.rb:33:in `render_to_body'
/Users/Kathryn/.rvm/gems/ruby-2.0.0-p247/gems/actionpack-4.0.1/lib/action_controller/metal/renderers.rb:26:in `render_to_body'
/Users/Kathryn/.rvm/gems/ruby-2.0.0-p247/gems/actionpack-4.0.1/lib/abstract_controller/rendering.rb:97:in `render'
/Users/Kathryn/.rvm/gems/ruby-2.0.0-p247/gems/actionpack-4.0.1/lib/action_controller/metal/rendering.rb:16:in `render'
/Users/Kathryn/.rvm/gems/ruby-2.0.0-p247/gems/actionpack-4.0.1/lib/action_controller/metal/instrumentation.rb:41:in `block (2 levels) in render'
/Users/Kathryn/.rvm/gems/ruby-2.0.0-p247/gems/activesupport-4.0.1/lib/active_support/core_ext/benchmark.rb:12:in `block in ms'
/Users/Kathryn/.rvm/rubies/ruby-2.0.0-p247/lib/ruby/2.0.0/benchmark.rb:296:in `realtime'
/Users/Kathryn/.rvm/gems/ruby-2.0.0-p247/gems/activesupport-4.0.1/lib/active_support/core_ext/benchmark.rb:12:in `ms'
/Users/Kathryn/.rvm/gems/ruby-2.0.0-p247/gems/actionpack-4.0.1/lib/action_controller/metal/instrumentation.rb:41:in `block in render'
/Users/Kathryn/.rvm/gems/ruby-2.0.0-p247/gems/actionpack-4.0.1/lib/action_controller/metal/instrumentation.rb:84:in `cleanup_view_runtime'
/Users/Kathryn/.rvm/gems/ruby-2.0.0-p247/gems/activerecord-4.0.1/lib/active_record/railties/controller_runtime.rb:25:in `cleanup_view_runtime'
/Users/Kathryn/.rvm/gems/ruby-2.0.0-p247/gems/actionpack-4.0.1/lib/action_controller/metal/instrumentation.rb:40:in `render'
/Users/Kathryn/.rvm/gems/ruby-2.0.0-p247/gems/actionpack-4.0.1/lib/action_controller/metal/implicit_render.rb:10:in `default_render'
/Users/Kathryn/.rvm/gems/ruby-2.0.0-p247/gems/actionpack-4.0.1/lib/action_controller/metal/implicit_render.rb:5:in `send_action'
/Users/Kathryn/.rvm/gems/ruby-2.0.0-p247/gems/actionpack-4.0.1/lib/abstract_controller/base.rb:189:in `process_action'
/Users/Kathryn/.rvm/gems/ruby-2.0.0-p247/gems/actionpack-4.0.1/lib/action_controller/metal/rendering.rb:10:in `process_action'
/Users/Kathryn/.rvm/gems/ruby-2.0.0-p247/gems/actionpack-4.0.1/lib/abstract_controller/callbacks.rb:18:in `block in process_action'
/Users/Kathryn/.rvm/gems/ruby-2.0.0-p247/gems/activesupport-4.0.1/lib/active_support/callbacks.rb:403:in `_run__4525662005981527111__process_action__callbacks'
/Users/Kathryn/.rvm/gems/ruby-2.0.0-p247/gems/activesupport-4.0.1/lib/active_support/callbacks.rb:80:in `run_callbacks'
/Users/Kathryn/.rvm/gems/ruby-2.0.0-p247/gems/actionpack-4.0.1/lib/abstract_controller/callbacks.rb:17:in `process_action'
/Users/Kathryn/.rvm/gems/ruby-2.0.0-p247/gems/actionpack-4.0.1/lib/action_controller/metal/rescue.rb:29:in `process_action'
/Users/Kathryn/.rvm/gems/ruby-2.0.0-p247/gems/actionpack-4.0.1/lib/action_controller/metal/instrumentation.rb:31:in `block in process_action'
/Users/Kathryn/.rvm/gems/ruby-2.0.0-p247/gems/activesupport-4.0.1/lib/active_support/notifications.rb:159:in `block in instrument'
/Users/Kathryn/.rvm/gems/ruby-2.0.0-p247/gems/activesupport-4.0.1/lib/active_support/notifications/instrumenter.rb:20:in `instrument'
/Users/Kathryn/.rvm/gems/ruby-2.0.0-p247/gems/activesupport-4.0.1/lib/active_support/notifications.rb:159:in `instrument'
/Users/Kathryn/.rvm/gems/ruby-2.0.0-p247/gems/actionpack-4.0.1/lib/action_controller/metal/instrumentation.rb:30:in `process_action'
/Users/Kathryn/.rvm/gems/ruby-2.0.0-p247/gems/actionpack-4.0.1/lib/action_controller/metal/params_wrapper.rb:245:in `process_action'
/Users/Kathryn/.rvm/gems/ruby-2.0.0-p247/gems/activerecord-4.0.1/lib/active_record/railties/controller_runtime.rb:18:in `process_action'
/Users/Kathryn/.rvm/gems/ruby-2.0.0-p247/gems/actionpack-4.0.1/lib/abstract_controller/base.rb:136:in `process'
/Users/Kathryn/.rvm/gems/ruby-2.0.0-p247/gems/actionpack-4.0.1/lib/abstract_controller/rendering.rb:44:in `process'
/Users/Kathryn/.rvm/gems/ruby-2.0.0-p247/gems/actionpack-4.0.1/lib/action_controller/metal.rb:195:in `dispatch'
/Users/Kathryn/.rvm/gems/ruby-2.0.0-p247/gems/actionpack-4.0.1/lib/action_controller/metal/rack_delegation.rb:13:in `dispatch'
/Users/Kathryn/.rvm/gems/ruby-2.0.0-p247/gems/actionpack-4.0.1/lib/action_controller/metal.rb:231:in `block in action'
/Users/Kathryn/.rvm/gems/ruby-2.0.0-p247/gems/actionpack-4.0.1/lib/action_dispatch/routing/route_set.rb:80:in `call'
/Users/Kathryn/.rvm/gems/ruby-2.0.0-p247/gems/actionpack-4.0.1/lib/action_dispatch/routing/route_set.rb:80:in `dispatch'
/Users/Kathryn/.rvm/gems/ruby-2.0.0-p247/gems/actionpack-4.0.1/lib/action_dispatch/routing/route_set.rb:48:in `call'
/Users/Kathryn/.rvm/gems/ruby-2.0.0-p247/gems/actionpack-4.0.1/lib/action_dispatch/journey/router.rb:71:in `block in call'
/Users/Kathryn/.rvm/gems/ruby-2.0.0-p247/gems/actionpack-4.0.1/lib/action_dispatch/journey/router.rb:59:in `each'
/Users/Kathryn/.rvm/gems/ruby-2.0.0-p247/gems/actionpack-4.0.1/lib/action_dispatch/journey/router.rb:59:in `call'
/Users/Kathryn/.rvm/gems/ruby-2.0.0-p247/gems/actionpack-4.0.1/lib/action_dispatch/routing/route_set.rb:680:in `call'
/Users/Kathryn/.rvm/gems/ruby-2.0.0-p247/gems/warden-1.2.3/lib/warden/manager.rb:35:in `block in call'
/Users/Kathryn/.rvm/gems/ruby-2.0.0-p247/gems/warden-1.2.3/lib/warden/manager.rb:34:in `catch'
/Users/Kathryn/.rvm/gems/ruby-2.0.0-p247/gems/warden-1.2.3/lib/warden/manager.rb:34:in `call'
/Users/Kathryn/.rvm/gems/ruby-2.0.0-p247/gems/rack-1.5.2/lib/rack/etag.rb:23:in `call'
/Users/Kathryn/.rvm/gems/ruby-2.0.0-p247/gems/rack-1.5.2/lib/rack/conditionalget.rb:25:in `call'
/Users/Kathryn/.rvm/gems/ruby-2.0.0-p247/gems/rack-1.5.2/lib/rack/head.rb:11:in `call'
/Users/Kathryn/.rvm/gems/ruby-2.0.0-p247/gems/actionpack-4.0.1/lib/action_dispatch/middleware/params_parser.rb:27:in `call'
/Users/Kathryn/.rvm/gems/ruby-2.0.0-p247/gems/actionpack-4.0.1/lib/action_dispatch/middleware/flash.rb:241:in `call'
/Users/Kathryn/.rvm/gems/ruby-2.0.0-p247/gems/rack-1.5.2/lib/rack/session/abstract/id.rb:225:in `context'
/Users/Kathryn/.rvm/gems/ruby-2.0.0-p247/gems/rack-1.5.2/lib/rack/session/abstract/id.rb:220:in `call'
/Users/Kathryn/.rvm/gems/ruby-2.0.0-p247/gems/actionpack-4.0.1/lib/action_dispatch/middleware/cookies.rb:486:in `call'
/Users/Kathryn/.rvm/gems/ruby-2.0.0-p247/gems/activerecord-4.0.1/lib/active_record/query_cache.rb:36:in `call'
/Users/Kathryn/.rvm/gems/ruby-2.0.0-p247/gems/activerecord-4.0.1/lib/active_record/connection_adapters/abstract/connection_pool.rb:626:in `call'
/Users/Kathryn/.rvm/gems/ruby-2.0.0-p247/gems/activerecord-4.0.1/lib/active_record/migration.rb:369:in `call'
/Users/Kathryn/.rvm/gems/ruby-2.0.0-p247/gems/actionpack-4.0.1/lib/action_dispatch/middleware/callbacks.rb:29:in `block in call'
/Users/Kathryn/.rvm/gems/ruby-2.0.0-p247/gems/activesupport-4.0.1/lib/active_support/callbacks.rb:373:in `_run__2788990939103997890__call__callbacks'
/Users/Kathryn/.rvm/gems/ruby-2.0.0-p247/gems/activesupport-4.0.1/lib/active_support/callbacks.rb:80:in `run_callbacks'
/Users/Kathryn/.rvm/gems/ruby-2.0.0-p247/gems/actionpack-4.0.1/lib/action_dispatch/middleware/callbacks.rb:27:in `call'
/Users/Kathryn/.rvm/gems/ruby-2.0.0-p247/gems/actionpack-4.0.1/lib/action_dispatch/middleware/reloader.rb:64:in `call'
/Users/Kathryn/.rvm/gems/ruby-2.0.0-p247/gems/actionpack-4.0.1/lib/action_dispatch/middleware/remote_ip.rb:76:in `call'
/Users/Kathryn/.rvm/gems/ruby-2.0.0-p247/gems/actionpack-4.0.1/lib/action_dispatch/middleware/debug_exceptions.rb:17:in `call'
/Users/Kathryn/.rvm/gems/ruby-2.0.0-p247/gems/actionpack-4.0.1/lib/action_dispatch/middleware/show_exceptions.rb:30:in `call'
/Users/Kathryn/.rvm/gems/ruby-2.0.0-p247/gems/railties-4.0.1/lib/rails/rack/logger.rb:38:in `call_app'
/Users/Kathryn/.rvm/gems/ruby-2.0.0-p247/gems/railties-4.0.1/lib/rails/rack/logger.rb:20:in `block in call'
/Users/Kathryn/.rvm/gems/ruby-2.0.0-p247/gems/activesupport-4.0.1/lib/active_support/tagged_logging.rb:67:in `block in tagged'
/Users/Kathryn/.rvm/gems/ruby-2.0.0-p247/gems/activesupport-4.0.1/lib/active_support/tagged_logging.rb:25:in `tagged'
/Users/Kathryn/.rvm/gems/ruby-2.0.0-p247/gems/activesupport-4.0.1/lib/active_support/tagged_logging.rb:67:in `tagged'
/Users/Kathryn/.rvm/gems/ruby-2.0.0-p247/gems/railties-4.0.1/lib/rails/rack/logger.rb:20:in `call'
/Users/Kathryn/.rvm/gems/ruby-2.0.0-p247/gems/actionpack-4.0.1/lib/action_dispatch/middleware/request_id.rb:21:in `call'
/Users/Kathryn/.rvm/gems/ruby-2.0.0-p247/gems/rack-1.5.2/lib/rack/methodoverride.rb:21:in `call'
/Users/Kathryn/.rvm/gems/ruby-2.0.0-p247/gems/rack-1.5.2/lib/rack/runtime.rb:17:in `call'
/Users/Kathryn/.rvm/gems/ruby-2.0.0-p247/gems/activesupport-4.0.1/lib/active_support/cache/strategy/local_cache.rb:83:in `call'
/Users/Kathryn/.rvm/gems/ruby-2.0.0-p247/gems/rack-1.5.2/lib/rack/lock.rb:17:in `call'
/Users/Kathryn/.rvm/gems/ruby-2.0.0-p247/gems/actionpack-4.0.1/lib/action_dispatch/middleware/static.rb:64:in `call'
/Users/Kathryn/.rvm/gems/ruby-2.0.0-p247/gems/rack-1.5.2/lib/rack/sendfile.rb:112:in `call'
/Users/Kathryn/.rvm/gems/ruby-2.0.0-p247/gems/railties-4.0.1/lib/rails/engine.rb:511:in `call'
/Users/Kathryn/.rvm/gems/ruby-2.0.0-p247/gems/railties-4.0.1/lib/rails/application.rb:97:in `call'
/Users/Kathryn/.rvm/gems/ruby-2.0.0-p247/gems/rack-1.5.2/lib/rack/lock.rb:17:in `call'
/Users/Kathryn/.rvm/gems/ruby-2.0.0-p247/gems/rack-1.5.2/lib/rack/content_length.rb:14:in `call'
/Users/Kathryn/.rvm/gems/ruby-2.0.0-p247/gems/rack-1.5.2/lib/rack/handler/webrick.rb:60:in `service'
/Users/Kathryn/.rvm/rubies/ruby-2.0.0-p247/lib/ruby/2.0.0/webrick/httpserver.rb:138:in `service'
/Users/Kathryn/.rvm/rubies/ruby-2.0.0-p247/lib/ruby/2.0.0/webrick/httpserver.rb:94:in `run'
/Users/Kathryn/.rvm/rubies/ruby-2.0.0-p247/lib/ruby/2.0.0/webrick/server.rb:295:in `block in start_thread'
Completed 500 Internal Server Error in 58ms

ActionView::Template::Error (/Users/Kathryn/code/final_app/app/views/layouts/application.html.erb:26: syntax error, unexpected keyword_ensure, expecting keyword_end
/Users/Kathryn/code/final_app/app/views/layouts/application.html.erb:28: syntax error, unexpected end-of-input, expecting keyword_end):
    23: </body>
    24: </html>
  actionpack (4.0.1) lib/action_view/template.rb:299:in `module_eval'
  actionpack (4.0.1) lib/action_view/template.rb:299:in `compile'
  actionpack (4.0.1) lib/action_view/template.rb:248:in `block in compile!'
  actionpack (4.0.1) lib/action_view/template.rb:236:in `synchronize'
  actionpack (4.0.1) lib/action_view/template.rb:236:in `compile!'
  actionpack (4.0.1) lib/action_view/template.rb:142:in `block in render'
  activesupport (4.0.1) lib/active_support/notifications.rb:161:in `instrument'
  actionpack (4.0.1) lib/action_view/template.rb:141:in `render'
  actionpack (4.0.1) lib/action_view/renderer/template_renderer.rb:61:in `render_with_layout'
  actionpack (4.0.1) lib/action_view/renderer/template_renderer.rb:47:in `render_template'
  actionpack (4.0.1) lib/action_view/renderer/template_renderer.rb:17:in `render'
  actionpack (4.0.1) lib/action_view/renderer/renderer.rb:42:in `render_template'
  actionpack (4.0.1) lib/action_view/renderer/renderer.rb:23:in `render'
  actionpack (4.0.1) lib/abstract_controller/rendering.rb:127:in `_render_template'
  actionpack (4.0.1) lib/action_controller/metal/streaming.rb:219:in `_render_template'
  actionpack (4.0.1) lib/abstract_controller/rendering.rb:120:in `render_to_body'
  actionpack (4.0.1) lib/action_controller/metal/rendering.rb:33:in `render_to_body'
  actionpack (4.0.1) lib/action_controller/metal/renderers.rb:26:in `render_to_body'
  actionpack (4.0.1) lib/abstract_controller/rendering.rb:97:in `render'
  actionpack (4.0.1) lib/action_controller/metal/rendering.rb:16:in `render'
  actionpack (4.0.1) lib/action_controller/metal/instrumentation.rb:41:in `block (2 levels) in render'
  activesupport (4.0.1) lib/active_support/core_ext/benchmark.rb:12:in `block in ms'
  /Users/Kathryn/.rvm/rubies/ruby-2.0.0-p247/lib/ruby/2.0.0/benchmark.rb:296:in `realtime'
  activesupport (4.0.1) lib/active_support/core_ext/benchmark.rb:12:in `ms'
  actionpack (4.0.1) lib/action_controller/metal/instrumentation.rb:41:in `block in render'
  actionpack (4.0.1) lib/action_controller/metal/instrumentation.rb:84:in `cleanup_view_runtime'
  activerecord (4.0.1) lib/active_record/railties/controller_runtime.rb:25:in `cleanup_view_runtime'
  actionpack (4.0.1) lib/action_controller/metal/instrumentation.rb:40:in `render'
  actionpack (4.0.1) lib/action_controller/metal/implicit_render.rb:10:in `default_render'
  actionpack (4.0.1) lib/action_controller/metal/implicit_render.rb:5:in `send_action'
  actionpack (4.0.1) lib/abstract_controller/base.rb:189:in `process_action'
  actionpack (4.0.1) lib/action_controller/metal/rendering.rb:10:in `process_action'
  actionpack (4.0.1) lib/abstract_controller/callbacks.rb:18:in `block in process_action'
  activesupport (4.0.1) lib/active_support/callbacks.rb:403:in `_run__4525662005981527111__process_action__callbacks'
  activesupport (4.0.1) lib/active_support/callbacks.rb:80:in `run_callbacks'
  actionpack (4.0.1) lib/abstract_controller/callbacks.rb:17:in `process_action'
  actionpack (4.0.1) lib/action_controller/metal/rescue.rb:29:in `process_action'
  actionpack (4.0.1) lib/action_controller/metal/instrumentation.rb:31:in `block in process_action'
  activesupport (4.0.1) lib/active_support/notifications.rb:159:in `block in instrument'
  activesupport (4.0.1) lib/active_support/notifications/instrumenter.rb:20:in `instrument'
  activesupport (4.0.1) lib/active_support/notifications.rb:159:in `instrument'
  actionpack (4.0.1) lib/action_controller/metal/instrumentation.rb:30:in `process_action'
  actionpack (4.0.1) lib/action_controller/metal/params_wrapper.rb:245:in `process_action'
  activerecord (4.0.1) lib/active_record/railties/controller_runtime.rb:18:in `process_action'
  actionpack (4.0.1) lib/abstract_controller/base.rb:136:in `process'
  actionpack (4.0.1) lib/abstract_controller/rendering.rb:44:in `process'
  actionpack (4.0.1) lib/action_controller/metal.rb:195:in `dispatch'
  actionpack (4.0.1) lib/action_controller/metal/rack_delegation.rb:13:in `dispatch'
  actionpack (4.0.1) lib/action_controller/metal.rb:231:in `block in action'
  actionpack (4.0.1) lib/action_dispatch/routing/route_set.rb:80:in `call'
  actionpack (4.0.1) lib/action_dispatch/routing/route_set.rb:80:in `dispatch'
  actionpack (4.0.1) lib/action_dispatch/routing/route_set.rb:48:in `call'
  actionpack (4.0.1) lib/action_dispatch/journey/router.rb:71:in `block in call'
  actionpack (4.0.1) lib/action_dispatch/journey/router.rb:59:in `each'
  actionpack (4.0.1) lib/action_dispatch/journey/router.rb:59:in `call'
  actionpack (4.0.1) lib/action_dispatch/routing/route_set.rb:680:in `call'
  warden (1.2.3) lib/warden/manager.rb:35:in `block in call'
  warden (1.2.3) lib/warden/manager.rb:34:in `catch'
  warden (1.2.3) lib/warden/manager.rb:34:in `call'
  rack (1.5.2) lib/rack/etag.rb:23:in `call'
  rack (1.5.2) lib/rack/conditionalget.rb:25:in `call'
  rack (1.5.2) lib/rack/head.rb:11:in `call'
  actionpack (4.0.1) lib/action_dispatch/middleware/params_parser.rb:27:in `call'
  actionpack (4.0.1) lib/action_dispatch/middleware/flash.rb:241:in `call'
  rack (1.5.2) lib/rack/session/abstract/id.rb:225:in `context'
  rack (1.5.2) lib/rack/session/abstract/id.rb:220:in `call'
  actionpack (4.0.1) lib/action_dispatch/middleware/cookies.rb:486:in `call'
  activerecord (4.0.1) lib/active_record/query_cache.rb:36:in `call'
  activerecord (4.0.1) lib/active_record/connection_adapters/abstract/connection_pool.rb:626:in `call'
  activerecord (4.0.1) lib/active_record/migration.rb:369:in `call'
  actionpack (4.0.1) lib/action_dispatch/middleware/callbacks.rb:29:in `block in call'
  activesupport (4.0.1) lib/active_support/callbacks.rb:373:in `_run__2788990939103997890__call__callbacks'
  activesupport (4.0.1) lib/active_support/callbacks.rb:80:in `run_callbacks'
  actionpack (4.0.1) lib/action_dispatch/middleware/callbacks.rb:27:in `call'
  actionpack (4.0.1) lib/action_dispatch/middleware/reloader.rb:64:in `call'
  actionpack (4.0.1) lib/action_dispatch/middleware/remote_ip.rb:76:in `call'
  actionpack (4.0.1) lib/action_dispatch/middleware/debug_exceptions.rb:17:in `call'
  actionpack (4.0.1) lib/action_dispatch/middleware/show_exceptions.rb:30:in `call'
  railties (4.0.1) lib/rails/rack/logger.rb:38:in `call_app'
  railties (4.0.1) lib/rails/rack/logger.rb:20:in `block in call'
  activesupport (4.0.1) lib/active_support/tagged_logging.rb:67:in `block in tagged'
  activesupport (4.0.1) lib/active_support/tagged_logging.rb:25:in `tagged'
  activesupport (4.0.1) lib/active_support/tagged_logging.rb:67:in `tagged'
  railties (4.0.1) lib/rails/rack/logger.rb:20:in `call'
  actionpack (4.0.1) lib/action_dispatch/middleware/request_id.rb:21:in `call'
  rack (1.5.2) lib/rack/methodoverride.rb:21:in `call'
  rack (1.5.2) lib/rack/runtime.rb:17:in `call'
  activesupport (4.0.1) lib/active_support/cache/strategy/local_cache.rb:83:in `call'
  rack (1.5.2) lib/rack/lock.rb:17:in `call'
  actionpack (4.0.1) lib/action_dispatch/middleware/static.rb:64:in `call'
  rack (1.5.2) lib/rack/sendfile.rb:112:in `call'
  railties (4.0.1) lib/rails/engine.rb:511:in `call'
  railties (4.0.1) lib/rails/application.rb:97:in `call'
  rack (1.5.2) lib/rack/lock.rb:17:in `call'
  rack (1.5.2) lib/rack/content_length.rb:14:in `call'
  rack (1.5.2) lib/rack/handler/webrick.rb:60:in `service'
  /Users/Kathryn/.rvm/rubies/ruby-2.0.0-p247/lib/ruby/2.0.0/webrick/httpserver.rb:138:in `service'
  /Users/Kathryn/.rvm/rubies/ruby-2.0.0-p247/lib/ruby/2.0.0/webrick/httpserver.rb:94:in `run'
  /Users/Kathryn/.rvm/rubies/ruby-2.0.0-p247/lib/ruby/2.0.0/webrick/server.rb:295:in `block in start_thread'


  Rendered /Users/Kathryn/.rvm/gems/ruby-2.0.0-p247/gems/actionpack-4.0.1/lib/action_dispatch/middleware/templates/rescues/_trace.erb (1.7ms)
  Rendered /Users/Kathryn/.rvm/gems/ruby-2.0.0-p247/gems/actionpack-4.0.1/lib/action_dispatch/middleware/templates/rescues/_request_and_response.erb (1.3ms)
  Rendered /Users/Kathryn/.rvm/gems/ruby-2.0.0-p247/gems/actionpack-4.0.1/lib/action_dispatch/middleware/templates/rescues/template_error.erb within rescues/layout (18.9ms)


Started GET "/" for 127.0.0.1 at 2013-12-19 17:43:16 -0500
Processing by FinalController#index as HTML
  Rendered final/index.html.erb within layouts/application (0.1ms)
  [1m[36mUser Load (0.6ms)[0m  [1mSELECT "users".* FROM "users" WHERE "users"."id" = 1 ORDER BY "users"."id" ASC LIMIT 1[0m
Completed 200 OK in 172ms (Views: 170.2ms | ActiveRecord: 0.6ms)


Started GET "/assets/application.css?body=1" for 127.0.0.1 at 2013-12-19 17:43:16 -0500


Started GET "/assets/jquery.js?body=1" for 127.0.0.1 at 2013-12-19 17:43:16 -0500


Started GET "/assets/jquery_ujs.js?body=1" for 127.0.0.1 at 2013-12-19 17:43:16 -0500


Started GET "/assets/turbolinks.js?body=1" for 127.0.0.1 at 2013-12-19 17:43:16 -0500


Started GET "/assets/final.css?body=1" for 127.0.0.1 at 2013-12-19 17:43:16 -0500


Started GET "/assets/index.css?body=1" for 127.0.0.1 at 2013-12-19 17:43:16 -0500


Started GET "/assets/final.js?body=1" for 127.0.0.1 at 2013-12-19 17:43:16 -0500


Started GET "/assets/index.js?body=1" for 127.0.0.1 at 2013-12-19 17:43:16 -0500


Started GET "/assets/application.js?body=1" for 127.0.0.1 at 2013-12-19 17:43:16 -0500


Started DELETE "/users/sign_out" for 127.0.0.1 at 2013-12-19 17:45:29 -0500
Processing by Devise::SessionsController#destroy as HTML
  Parameters: {"authenticity_token"=>"6Rm/A7Rq3MAqHFWDXksL6VSc29p4WEw907s/YMctS2Y="}
  [1m[35mUser Load (0.5ms)[0m  SELECT "users".* FROM "users" WHERE "users"."id" = 1 ORDER BY "users"."id" ASC LIMIT 1
  [1m[36m (0.1ms)[0m  [1mbegin transaction[0m
  [1m[35m (0.1ms)[0m  commit transaction
Redirected to http://localhost:3000/
Completed 302 Found in 94ms (ActiveRecord: 0.7ms)


Started GET "/" for 127.0.0.1 at 2013-12-19 17:45:29 -0500
Processing by FinalController#index as HTML
  Rendered final/index.html.erb within layouts/application (0.1ms)
Completed 200 OK in 11ms (Views: 9.3ms | ActiveRecord: 0.0ms)


Started GET "/assets/final.css?body=1" for 127.0.0.1 at 2013-12-19 17:45:29 -0500


Started GET "/assets/index.css?body=1" for 127.0.0.1 at 2013-12-19 17:45:29 -0500


Started GET "/assets/application.css?body=1" for 127.0.0.1 at 2013-12-19 17:45:29 -0500


Started GET "/assets/jquery.js?body=1" for 127.0.0.1 at 2013-12-19 17:45:29 -0500


Started GET "/assets/jquery_ujs.js?body=1" for 127.0.0.1 at 2013-12-19 17:45:29 -0500


Started GET "/assets/turbolinks.js?body=1" for 127.0.0.1 at 2013-12-19 17:45:29 -0500


Started GET "/assets/final.js?body=1" for 127.0.0.1 at 2013-12-19 17:45:29 -0500


Started GET "/assets/application.js?body=1" for 127.0.0.1 at 2013-12-19 17:45:29 -0500


Started GET "/assets/index.js?body=1" for 127.0.0.1 at 2013-12-19 17:45:29 -0500


Started GET "/" for 127.0.0.1 at 2013-12-19 17:51:17 -0500
Processing by FinalController#index as HTML
  Rendered final/index.html.erb within layouts/application (0.1ms)
Completed 200 OK in 13ms (Views: 12.4ms | ActiveRecord: 0.0ms)


Started GET "/assets/final.css?body=1" for 127.0.0.1 at 2013-12-19 17:51:17 -0500


Started GET "/assets/final.js?body=1" for 127.0.0.1 at 2013-12-19 17:51:17 -0500


Started GET "/assets/jquery.js?body=1" for 127.0.0.1 at 2013-12-19 17:51:17 -0500


Started GET "/assets/jquery_ujs.js?body=1" for 127.0.0.1 at 2013-12-19 17:51:17 -0500


Started GET "/assets/index.css?body=1" for 127.0.0.1 at 2013-12-19 17:51:17 -0500


Started GET "/assets/turbolinks.js?body=1" for 127.0.0.1 at 2013-12-19 17:51:17 -0500


Started GET "/assets/application.css?body=1" for 127.0.0.1 at 2013-12-19 17:51:17 -0500


Started GET "/assets/index.js?body=1" for 127.0.0.1 at 2013-12-19 17:51:17 -0500


Started GET "/assets/application.js?body=1" for 127.0.0.1 at 2013-12-19 17:51:17 -0500


Started GET "/users/sign_in" for 127.0.0.1 at 2013-12-19 18:01:45 -0500
Processing by Devise::SessionsController#new as HTML
  Rendered /Users/Kathryn/.rvm/gems/ruby-2.0.0-p247/gems/devise-3.2.2/app/views/devise/shared/_links.erb (0.5ms)
  Rendered /Users/Kathryn/.rvm/gems/ruby-2.0.0-p247/gems/devise-3.2.2/app/views/devise/sessions/new.html.erb within layouts/application (4.8ms)
Completed 200 OK in 41ms (Views: 39.3ms | ActiveRecord: 0.0ms)


Started GET "/users/sign_up" for 127.0.0.1 at 2013-12-19 18:02:08 -0500
Processing by Devise::RegistrationsController#new as HTML
  Rendered /Users/Kathryn/.rvm/gems/ruby-2.0.0-p247/gems/devise-3.2.2/app/views/devise/shared/_links.erb (0.3ms)
  Rendered /Users/Kathryn/.rvm/gems/ruby-2.0.0-p247/gems/devise-3.2.2/app/views/devise/registrations/new.html.erb within layouts/application (4.8ms)
Completed 200 OK in 16ms (Views: 14.3ms | ActiveRecord: 0.0ms)


Started GET "/users/sign_in" for 127.0.0.1 at 2013-12-19 18:02:13 -0500
Processing by Devise::SessionsController#new as HTML
  Rendered /Users/Kathryn/.rvm/gems/ruby-2.0.0-p247/gems/devise-3.2.2/app/views/devise/shared/_links.erb (2.0ms)
  Rendered /Users/Kathryn/.rvm/gems/ruby-2.0.0-p247/gems/devise-3.2.2/app/views/devise/sessions/new.html.erb within layouts/application (11.2ms)
Completed 200 OK in 72ms (Views: 70.3ms | ActiveRecord: 0.0ms)


Started GET "/users/sign_in" for 127.0.0.1 at 2013-12-19 18:09:52 -0500

ActionController::RoutingError (No route matches [GET] "/users/sign_in"):
  actionpack (4.0.1) lib/action_dispatch/middleware/debug_exceptions.rb:21:in `call'
  actionpack (4.0.1) lib/action_dispatch/middleware/show_exceptions.rb:30:in `call'
  railties (4.0.1) lib/rails/rack/logger.rb:38:in `call_app'
  railties (4.0.1) lib/rails/rack/logger.rb:20:in `block in call'
  activesupport (4.0.1) lib/active_support/tagged_logging.rb:67:in `block in tagged'
  activesupport (4.0.1) lib/active_support/tagged_logging.rb:25:in `tagged'
  activesupport (4.0.1) lib/active_support/tagged_logging.rb:67:in `tagged'
  railties (4.0.1) lib/rails/rack/logger.rb:20:in `call'
  actionpack (4.0.1) lib/action_dispatch/middleware/request_id.rb:21:in `call'
  rack (1.5.2) lib/rack/methodoverride.rb:21:in `call'
  rack (1.5.2) lib/rack/runtime.rb:17:in `call'
  activesupport (4.0.1) lib/active_support/cache/strategy/local_cache.rb:83:in `call'
  rack (1.5.2) lib/rack/lock.rb:17:in `call'
  actionpack (4.0.1) lib/action_dispatch/middleware/static.rb:64:in `call'
  rack (1.5.2) lib/rack/sendfile.rb:112:in `call'
  railties (4.0.1) lib/rails/engine.rb:511:in `call'
  railties (4.0.1) lib/rails/application.rb:97:in `call'
  rack (1.5.2) lib/rack/lock.rb:17:in `call'
  rack (1.5.2) lib/rack/content_length.rb:14:in `call'
  rack (1.5.2) lib/rack/handler/webrick.rb:60:in `service'
  /Users/Kathryn/.rvm/rubies/ruby-2.0.0-p247/lib/ruby/2.0.0/webrick/httpserver.rb:138:in `service'
  /Users/Kathryn/.rvm/rubies/ruby-2.0.0-p247/lib/ruby/2.0.0/webrick/httpserver.rb:94:in `run'
  /Users/Kathryn/.rvm/rubies/ruby-2.0.0-p247/lib/ruby/2.0.0/webrick/server.rb:295:in `block in start_thread'


  Rendered /Users/Kathryn/.rvm/gems/ruby-2.0.0-p247/gems/actionpack-4.0.1/lib/action_dispatch/middleware/templates/rescues/_trace.erb (1.5ms)
  Rendered /Users/Kathryn/.rvm/gems/ruby-2.0.0-p247/gems/actionpack-4.0.1/lib/action_dispatch/middleware/templates/routes/_route.html.erb (2.6ms)
  Rendered /Users/Kathryn/.rvm/gems/ruby-2.0.0-p247/gems/actionpack-4.0.1/lib/action_dispatch/middleware/templates/routes/_table.html.erb (24.6ms)
  Rendered /Users/Kathryn/.rvm/gems/ruby-2.0.0-p247/gems/actionpack-4.0.1/lib/action_dispatch/middleware/templates/rescues/routing_error.erb within rescues/layout (70.5ms)


Started GET "/" for 127.0.0.1 at 2013-12-19 18:10:06 -0500
Processing by FinalController#index as HTML
  Rendered final/index.html.erb within layouts/application (0.1ms)
Completed 200 OK in 12ms (Views: 10.4ms | ActiveRecord: 0.0ms)


Started GET "/assets/final.css?body=1" for 127.0.0.1 at 2013-12-19 18:10:07 -0500


Started GET "/assets/turbolinks.js?body=1" for 127.0.0.1 at 2013-12-19 18:10:07 -0500


Started GET "/assets/application.css?body=1" for 127.0.0.1 at 2013-12-19 18:10:07 -0500


Started GET "/assets/index.css?body=1" for 127.0.0.1 at 2013-12-19 18:10:07 -0500


Started GET "/assets/jquery_ujs.js?body=1" for 127.0.0.1 at 2013-12-19 18:10:07 -0500


Started GET "/assets/final.js?body=1" for 127.0.0.1 at 2013-12-19 18:10:07 -0500


Started GET "/assets/jquery.js?body=1" for 127.0.0.1 at 2013-12-19 18:10:07 -0500


Started GET "/assets/index.js?body=1" for 127.0.0.1 at 2013-12-19 18:10:07 -0500


Started GET "/assets/application.js?body=1" for 127.0.0.1 at 2013-12-19 18:10:07 -0500


Started GET "/users/login" for 127.0.0.1 at 2013-12-19 18:10:09 -0500
Processing by Devise::SessionsController#new as HTML
  Rendered /Users/Kathryn/.rvm/gems/ruby-2.0.0-p247/gems/devise-3.2.2/app/views/devise/shared/_links.erb (0.8ms)
  Rendered /Users/Kathryn/.rvm/gems/ruby-2.0.0-p247/gems/devise-3.2.2/app/views/devise/sessions/new.html.erb within layouts/application (6.8ms)
Completed 200 OK in 82ms (Views: 19.8ms | ActiveRecord: 0.8ms)


Started POST "/users/login" for 127.0.0.1 at 2013-12-19 18:12:59 -0500
Processing by Devise::SessionsController#create as HTML
  Parameters: {"utf8"=>"✓", "authenticity_token"=>"eShn+WEDLM+A8lEsuKPuywI9MBNdwYVN/UFqzvj11OI=", "user"=>{"email"=>"kathryn.dasalla@gmail.com", "password"=>"[FILTERED]", "remember_me"=>"0"}, "commit"=>"Sign in"}
  [1m[36mUser Load (0.3ms)[0m  [1mSELECT "users".* FROM "users" WHERE "users"."email" = 'kathryn.dasalla@gmail.com' ORDER BY "users"."id" ASC LIMIT 1[0m
  [1m[35m (0.1ms)[0m  begin transaction
  [1m[36mSQL (0.6ms)[0m  [1mUPDATE "users" SET "current_sign_in_at" = ?, "sign_in_count" = ?, "updated_at" = ? WHERE "users"."id" = 1[0m  [["current_sign_in_at", Thu, 19 Dec 2013 23:13:00 UTC +00:00], ["sign_in_count", 2], ["updated_at", Thu, 19 Dec 2013 23:13:00 UTC +00:00]]
  [1m[35m (1.7ms)[0m  commit transaction
Redirected to http://localhost:3000/
Completed 302 Found in 123ms (ActiveRecord: 2.7ms)


Started GET "/" for 127.0.0.1 at 2013-12-19 18:13:00 -0500
Processing by FinalController#index as HTML
  Rendered final/index.html.erb within layouts/application (0.1ms)
  [1m[36mUser Load (0.3ms)[0m  [1mSELECT "users".* FROM "users" WHERE "users"."id" = 1 ORDER BY "users"."id" ASC LIMIT 1[0m
Completed 200 OK in 10ms (Views: 9.3ms | ActiveRecord: 0.3ms)


Started GET "/assets/jquery_ujs.js?body=1" for 127.0.0.1 at 2013-12-19 18:13:00 -0500


Started GET "/assets/index.css?body=1" for 127.0.0.1 at 2013-12-19 18:13:00 -0500


Started GET "/assets/turbolinks.js?body=1" for 127.0.0.1 at 2013-12-19 18:13:00 -0500


Started GET "/assets/final.css?body=1" for 127.0.0.1 at 2013-12-19 18:13:00 -0500


Started GET "/assets/application.css?body=1" for 127.0.0.1 at 2013-12-19 18:13:00 -0500


Started GET "/assets/index.js?body=1" for 127.0.0.1 at 2013-12-19 18:13:00 -0500


Started GET "/assets/final.js?body=1" for 127.0.0.1 at 2013-12-19 18:13:00 -0500


Started GET "/assets/jquery.js?body=1" for 127.0.0.1 at 2013-12-19 18:13:00 -0500


Started GET "/assets/application.js?body=1" for 127.0.0.1 at 2013-12-19 18:13:00 -0500


Started GET "/" for 127.0.0.1 at 2013-12-19 18:21:29 -0500
Processing by FinalController#index as HTML
  Rendered final/index.html.erb within layouts/application (0.1ms)
  [1m[35mUser Load (0.3ms)[0m  SELECT "users".* FROM "users" WHERE "users"."id" = 1 ORDER BY "users"."id" ASC LIMIT 1
Completed 200 OK in 10ms (Views: 9.3ms | ActiveRecord: 0.2ms)


Started GET "/assets/final.css?body=1" for 127.0.0.1 at 2013-12-19 18:21:29 -0500


Started GET "/assets/index.css?body=1" for 127.0.0.1 at 2013-12-19 18:21:29 -0500


Started GET "/assets/jquery.js?body=1" for 127.0.0.1 at 2013-12-19 18:21:29 -0500


Started GET "/assets/application.css?body=1" for 127.0.0.1 at 2013-12-19 18:21:29 -0500


Started GET "/assets/jquery_ujs.js?body=1" for 127.0.0.1 at 2013-12-19 18:21:29 -0500


Started GET "/assets/turbolinks.js?body=1" for 127.0.0.1 at 2013-12-19 18:21:29 -0500


Started GET "/assets/final.js?body=1" for 127.0.0.1 at 2013-12-19 18:21:29 -0500


Started GET "/assets/index.js?body=1" for 127.0.0.1 at 2013-12-19 18:21:29 -0500


Started GET "/assets/application.js?body=1" for 127.0.0.1 at 2013-12-19 18:21:29 -0500


Started DELETE "/users/logout" for 127.0.0.1 at 2013-12-19 18:21:32 -0500
Processing by Devise::SessionsController#destroy as HTML
  Parameters: {"authenticity_token"=>"HDsGSzIbGAv3eCFwJLuYacanJkecwtMT9KSl0l/w5Ds="}
  [1m[36mUser Load (0.3ms)[0m  [1mSELECT "users".* FROM "users" WHERE "users"."id" = 1 ORDER BY "users"."id" ASC LIMIT 1[0m
  [1m[35m (0.1ms)[0m  begin transaction
  [1m[36m (0.1ms)[0m  [1mcommit transaction[0m
Redirected to http://localhost:3000/
Completed 302 Found in 9ms (ActiveRecord: 0.4ms)


Started GET "/" for 127.0.0.1 at 2013-12-19 18:21:32 -0500
Processing by FinalController#index as HTML
  Rendered final/index.html.erb within layouts/application (0.1ms)
Completed 200 OK in 9ms (Views: 8.0ms | ActiveRecord: 0.0ms)


Started GET "/assets/final.css?body=1" for 127.0.0.1 at 2013-12-19 18:21:32 -0500


Started GET "/assets/index.css?body=1" for 127.0.0.1 at 2013-12-19 18:21:32 -0500


Started GET "/assets/jquery.js?body=1" for 127.0.0.1 at 2013-12-19 18:21:32 -0500


Started GET "/assets/turbolinks.js?body=1" for 127.0.0.1 at 2013-12-19 18:21:32 -0500


Started GET "/assets/application.css?body=1" for 127.0.0.1 at 2013-12-19 18:21:32 -0500


Started GET "/assets/jquery_ujs.js?body=1" for 127.0.0.1 at 2013-12-19 18:21:32 -0500


Started GET "/assets/final.js?body=1" for 127.0.0.1 at 2013-12-19 18:21:32 -0500


Started GET "/assets/index.js?body=1" for 127.0.0.1 at 2013-12-19 18:21:32 -0500


Started GET "/assets/application.js?body=1" for 127.0.0.1 at 2013-12-19 18:21:32 -0500


Started GET "/users/login" for 127.0.0.1 at 2013-12-19 18:21:34 -0500
Processing by Devise::SessionsController#new as HTML
  Rendered devise/shared/_links.erb (1.6ms)
  Rendered devise/sessions/new.html.erb within layouts/application (8.3ms)
Completed 200 OK in 19ms (Views: 17.2ms | ActiveRecord: 0.0ms)


Started GET "/users/login" for 127.0.0.1 at 2013-12-19 18:35:04 -0500
Processing by Devise::SessionsController#new as HTML
  Rendered devise/shared/_links.erb (0.6ms)
  Rendered devise/sessions/new.html.erb within layouts/application (4.8ms)
Completed 200 OK in 34ms (Views: 13.9ms | ActiveRecord: 0.9ms)


Started GET "/assets/jquery_ujs.js?body=1" for 127.0.0.1 at 2013-12-19 18:35:05 -0500


Started GET "/assets/jquery.js?body=1" for 127.0.0.1 at 2013-12-19 18:35:05 -0500


Started GET "/assets/final.css?body=1" for 127.0.0.1 at 2013-12-19 18:35:05 -0500


Started GET "/assets/index.css?body=1" for 127.0.0.1 at 2013-12-19 18:35:05 -0500


Started GET "/assets/turbolinks.js?body=1" for 127.0.0.1 at 2013-12-19 18:35:05 -0500


Started GET "/assets/application.css?body=1" for 127.0.0.1 at 2013-12-19 18:35:05 -0500


Started GET "/assets/final.js?body=1" for 127.0.0.1 at 2013-12-19 18:35:05 -0500


Started GET "/assets/index.js?body=1" for 127.0.0.1 at 2013-12-19 18:35:05 -0500


Started GET "/assets/application.js?body=1" for 127.0.0.1 at 2013-12-19 18:35:05 -0500


Started GET "/users/sign_up" for 127.0.0.1 at 2013-12-19 18:35:11 -0500
Processing by Devise::RegistrationsController#new as HTML
  Rendered devise/shared/_links.erb (0.8ms)
  Rendered devise/registrations/new.html.erb within layouts/application (13.3ms)
Completed 200 OK in 32ms (Views: 29.5ms | ActiveRecord: 0.0ms)


Started GET "/users/login" for 127.0.0.1 at 2013-12-19 18:35:16 -0500
Processing by Devise::SessionsController#new as HTML
  Rendered devise/shared/_links.erb (0.5ms)
  Rendered devise/sessions/new.html.erb within layouts/application (3.8ms)
Completed 200 OK in 63ms (Views: 60.8ms | ActiveRecord: 0.0ms)


Started GET "/users/login" for 127.0.0.1 at 2013-12-19 18:35:56 -0500
Processing by Devise::SessionsController#new as HTML
  Rendered devise/shared/_links.erb (0.5ms)
  Rendered devise/sessions/new.html.erb within layouts/application (6.4ms)
Completed 200 OK in 19ms (Views: 16.9ms | ActiveRecord: 0.0ms)


Started GET "/assets/jquery_ujs.js?body=1" for 127.0.0.1 at 2013-12-19 18:35:56 -0500


Started GET "/assets/application.css?body=1" for 127.0.0.1 at 2013-12-19 18:35:56 -0500


Started GET "/assets/final.css?body=1" for 127.0.0.1 at 2013-12-19 18:35:56 -0500


Started GET "/assets/turbolinks.js?body=1" for 127.0.0.1 at 2013-12-19 18:35:56 -0500


Started GET "/assets/index.css?body=1" for 127.0.0.1 at 2013-12-19 18:35:56 -0500


Started GET "/assets/jquery.js?body=1" for 127.0.0.1 at 2013-12-19 18:35:56 -0500


Started GET "/assets/final.js?body=1" for 127.0.0.1 at 2013-12-19 18:35:56 -0500


Started GET "/assets/index.js?body=1" for 127.0.0.1 at 2013-12-19 18:35:56 -0500


Started GET "/assets/application.js?body=1" for 127.0.0.1 at 2013-12-19 18:35:56 -0500


Started GET "/users/sign_up" for 127.0.0.1 at 2013-12-19 18:35:59 -0500
Processing by Devise::RegistrationsController#new as HTML
  Rendered devise/shared/_links.erb (0.4ms)
  Rendered devise/registrations/new.html.erb within layouts/application (12.9ms)
Completed 200 OK in 25ms (Views: 22.7ms | ActiveRecord: 0.0ms)


Started GET "/users/login" for 127.0.0.1 at 2013-12-19 18:36:10 -0500
Processing by Devise::SessionsController#new as HTML
  Rendered devise/shared/_links.erb (0.5ms)
  Rendered devise/sessions/new.html.erb within layouts/application (3.6ms)
Completed 200 OK in 21ms (Views: 18.3ms | ActiveRecord: 0.0ms)


Started GET "/users/login" for 127.0.0.1 at 2013-12-19 18:36:28 -0500
Processing by Devise::SessionsController#new as HTML
  Rendered devise/shared/_links.erb (0.6ms)
  Rendered devise/sessions/new.html.erb within layouts/application (6.0ms)
Completed 200 OK in 59ms (Views: 57.0ms | ActiveRecord: 0.0ms)


Started GET "/assets/application.css?body=1" for 127.0.0.1 at 2013-12-19 18:36:28 -0500


Started GET "/assets/final.js?body=1" for 127.0.0.1 at 2013-12-19 18:36:28 -0500


Started GET "/assets/index.css?body=1" for 127.0.0.1 at 2013-12-19 18:36:28 -0500


Started GET "/assets/jquery_ujs.js?body=1" for 127.0.0.1 at 2013-12-19 18:36:28 -0500


Started GET "/assets/index.js?body=1" for 127.0.0.1 at 2013-12-19 18:36:28 -0500


Started GET "/assets/jquery.js?body=1" for 127.0.0.1 at 2013-12-19 18:36:28 -0500


Started GET "/assets/final.css?body=1" for 127.0.0.1 at 2013-12-19 18:36:28 -0500


Started GET "/assets/application.js?body=1" for 127.0.0.1 at 2013-12-19 18:36:28 -0500


Started GET "/assets/turbolinks.js?body=1" for 127.0.0.1 at 2013-12-19 18:36:28 -0500


Started GET "/users/sign_up" for 127.0.0.1 at 2013-12-19 18:36:33 -0500
Processing by Devise::RegistrationsController#new as HTML
  Rendered devise/shared/_links.erb (0.4ms)
  Rendered devise/registrations/new.html.erb within layouts/application (4.2ms)
Completed 200 OK in 14ms (Views: 12.7ms | ActiveRecord: 0.0ms)


Started GET "/users/login" for 127.0.0.1 at 2013-12-19 18:38:14 -0500
Processing by Devise::SessionsController#new as HTML
  Rendered devise/shared/_links.erb (0.5ms)
  Rendered devise/sessions/new.html.erb within layouts/application (4.1ms)
Completed 200 OK in 15ms (Views: 13.2ms | ActiveRecord: 0.0ms)


Started POST "/users/login" for 127.0.0.1 at 2013-12-19 18:38:24 -0500
Processing by Devise::SessionsController#create as HTML
  Parameters: {"utf8"=>"✓", "authenticity_token"=>"h9CPl2jpnZLn1DvknC0YwLVInSmHN7JgoNiu17jgYCc=", "user"=>{"email"=>"kathryn.dasalla@gmail.com", "password"=>"[FILTERED]", "remember_me"=>"0"}, "commit"=>"Login"}
  [1m[35mUser Load (0.3ms)[0m  SELECT "users".* FROM "users" WHERE "users"."email" = 'kathryn.dasalla@gmail.com' ORDER BY "users"."id" ASC LIMIT 1
  [1m[36m (0.1ms)[0m  [1mbegin transaction[0m
  [1m[35mSQL (0.7ms)[0m  UPDATE "users" SET "last_sign_in_at" = ?, "current_sign_in_at" = ?, "sign_in_count" = ?, "updated_at" = ? WHERE "users"."id" = 1  [["last_sign_in_at", Thu, 19 Dec 2013 23:13:00 UTC +00:00], ["current_sign_in_at", Thu, 19 Dec 2013 23:38:24 UTC +00:00], ["sign_in_count", 3], ["updated_at", Thu, 19 Dec 2013 23:38:24 UTC +00:00]]
  [1m[36m (10.8ms)[0m  [1mcommit transaction[0m
Redirected to http://localhost:3000/
Completed 302 Found in 117ms (ActiveRecord: 11.9ms)


Started GET "/" for 127.0.0.1 at 2013-12-19 18:38:24 -0500
Processing by FinalController#index as HTML
  Rendered final/index.html.erb within layouts/application (0.1ms)
  [1m[35mUser Load (0.3ms)[0m  SELECT "users".* FROM "users" WHERE "users"."id" = 1 ORDER BY "users"."id" ASC LIMIT 1
Completed 200 OK in 12ms (Views: 10.0ms | ActiveRecord: 0.3ms)


Started GET "/assets/application.css?body=1" for 127.0.0.1 at 2013-12-19 18:38:24 -0500


Started GET "/assets/final.css?body=1" for 127.0.0.1 at 2013-12-19 18:38:24 -0500


Started GET "/assets/index.css?body=1" for 127.0.0.1 at 2013-12-19 18:38:24 -0500


Started GET "/assets/jquery.js?body=1" for 127.0.0.1 at 2013-12-19 18:38:24 -0500


Started GET "/assets/jquery_ujs.js?body=1" for 127.0.0.1 at 2013-12-19 18:38:24 -0500


Started GET "/assets/turbolinks.js?body=1" for 127.0.0.1 at 2013-12-19 18:38:24 -0500


Started GET "/assets/application.js?body=1" for 127.0.0.1 at 2013-12-19 18:38:24 -0500


Started GET "/assets/index.js?body=1" for 127.0.0.1 at 2013-12-19 18:38:24 -0500


Started GET "/assets/final.js?body=1" for 127.0.0.1 at 2013-12-19 18:38:24 -0500
